# JRE version: Java(TM) SE Runtime Environment (8.0_144-b01) (build 1.8.0_144-b01)
# Java VM: Java HotSpot(TM) 64-Bit Server VM (25.144-b01 mixed mode windows-amd64 compressed oops)
Heap:
 PSYoungGen      total 781824K, used 634830K [0x000000076ab00000, 0x00000007aba00000, 0x00000007c0000000)
  eden space 652288K, 97% used [0x000000076ab00000,0x00000007916f3828,0x0000000792800000)
  from space 129536K, 0% used [0x000000079cc00000,0x000000079cc00000,0x00000007a4a80000)
  to   space 167936K, 0% used [0x0000000792800000,0x0000000792800000,0x000000079cc00000)
 ParOldGen       total 293888K, used 293663K [0x00000006c0000000, 0x00000006d1f00000, 0x000000076ab00000)
  object space 293888K, 99% used [0x00000006c0000000,0x00000006d1ec7dc8,0x00000006d1f00000)
 Metaspace       used 6836K, capacity 7448K, committed 7680K, reserved 1056768K
  class space    used 643K, capacity 656K, committed 768K, reserved 1048576K
GC Heap History (10 events):
Event: 111.208 GC heap before
{Heap before GC invocations=47 (full 35):
 PSYoungGen      total 781824K, used 652288K [0x000000076ab00000, 0x00000007aba00000, 0x00000007c0000000)
  eden space 652288K, 100% used [0x000000076ab00000,0x0000000792800000,0x0000000792800000)
  from space 129536K, 0% used [0x000000079cc00000,0x000000079cc00000,0x00000007a4a80000)
  to   space 167936K, 0% used [0x0000000792800000,0x0000000792800000,0x000000079cc00000)
 ParOldGen       total 293888K, used 293663K [0x00000006c0000000, 0x00000006d1f00000, 0x000000076ab00000)
  object space 293888K, 99% used [0x00000006c0000000,0x00000006d1ec7f08,0x00000006d1f00000)
 Metaspace       used 6836K, capacity 7448K, committed 7680K, reserved 1056768K
  class space    used 643K, capacity 656K, committed 768K, reserved 1048576K
Event: 113.092 GC heap after
Heap after GC invocations=47 (full 35):
 PSYoungGen      total 781824K, used 608701K [0x000000076ab00000, 0x00000007aba00000, 0x00000007c0000000)
  eden space 652288K, 93% used [0x000000076ab00000,0x000000078fd6f6e8,0x0000000792800000)
  from space 129536K, 0% used [0x000000079cc00000,0x000000079cc00000,0x00000007a4a80000)
  to   space 167936K, 0% used [0x0000000792800000,0x0000000792800000,0x000000079cc00000)
 ParOldGen       total 293888K, used 293663K [0x00000006c0000000, 0x00000006d1f00000, 0x000000076ab00000)
  object space 293888K, 99% used [0x00000006c0000000,0x00000006d1ec7f08,0x00000006d1f00000)
 Metaspace       used 6836K, capacity 7448K, committed 7680K, reserved 1056768K
  class space    used 643K, capacity 656K, committed 768K, reserved 1048576K
}
Event: 113.145 GC heap before
{Heap before GC invocations=48 (full 36):
 PSYoungGen      total 781824K, used 652288K [0x000000076ab00000, 0x00000007aba00000, 0x00000007c0000000)
  eden space 652288K, 100% used [0x000000076ab00000,0x0000000792800000,0x0000000792800000)
  from space 129536K, 0% used [0x000000079cc00000,0x000000079cc00000,0x00000007a4a80000)
  to   space 167936K, 0% used [0x0000000792800000,0x0000000792800000,0x000000079cc00000)
 ParOldGen       total 293888K, used 293663K [0x00000006c0000000, 0x00000006d1f00000, 0x000000076ab00000)
  object space 293888K, 99% used [0x00000006c0000000,0x00000006d1ec7f08,0x00000006d1f00000)
 Metaspace       used 6836K, capacity 7448K, committed 7680K, reserved 1056768K
  class space    used 643K, capacity 656K, committed 768K, reserved 1048576K
Event: 115.311 GC heap after
Heap after GC invocations=48 (full 36):
 PSYoungGen      total 781824K, used 615397K [0x000000076ab00000, 0x00000007aba00000, 0x00000007c0000000)
  eden space 652288K, 94% used [0x000000076ab00000,0x00000007903f96c0,0x0000000792800000)
  from space 129536K, 0% used [0x000000079cc00000,0x000000079cc00000,0x00000007a4a80000)
  to   space 167936K, 0% used [0x0000000792800000,0x0000000792800000,0x000000079cc00000)
 ParOldGen       total 293888K, used 293663K [0x00000006c0000000, 0x00000006d1f00000, 0x000000076ab00000)
  object space 293888K, 99% used [0x00000006c0000000,0x00000006d1ec7e48,0x00000006d1f00000)
 Metaspace       used 6836K, capacity 7448K, committed 7680K, reserved 1056768K
  class space    used 643K, capacity 656K, committed 768K, reserved 1048576K
}
Event: 115.356 GC heap before
{Heap before GC invocations=49 (full 37):
 PSYoungGen      total 781824K, used 652288K [0x000000076ab00000, 0x00000007aba00000, 0x00000007c0000000)
  eden space 652288K, 100% used [0x000000076ab00000,0x0000000792800000,0x0000000792800000)
  from space 129536K, 0% used [0x000000079cc00000,0x000000079cc00000,0x00000007a4a80000)
  to   space 167936K, 0% used [0x0000000792800000,0x0000000792800000,0x000000079cc00000)
 ParOldGen       total 293888K, used 293663K [0x00000006c0000000, 0x00000006d1f00000, 0x000000076ab00000)
  object space 293888K, 99% used [0x00000006c0000000,0x00000006d1ec7e48,0x00000006d1f00000)
 Metaspace       used 6836K, capacity 7448K, committed 7680K, reserved 1056768K
  class space    used 643K, capacity 656K, committed 768K, reserved 1048576K
Event: 117.486 GC heap after
Heap after GC invocations=49 (full 37):
 PSYoungGen      total 781824K, used 620660K [0x000000076ab00000, 0x00000007aba00000, 0x00000007c0000000)
  eden space 652288K, 95% used [0x000000076ab00000,0x000000079091d2b8,0x0000000792800000)
  from space 129536K, 0% used [0x000000079cc00000,0x000000079cc00000,0x00000007a4a80000)
  to   space 167936K, 0% used [0x0000000792800000,0x0000000792800000,0x000000079cc00000)
 ParOldGen       total 293888K, used 293663K [0x00000006c0000000, 0x00000006d1f00000, 0x000000076ab00000)
  object space 293888K, 99% used [0x00000006c0000000,0x00000006d1ec7dc8,0x00000006d1f00000)
 Metaspace       used 6836K, capacity 7448K, committed 7680K, reserved 1056768K
  class space    used 643K, capacity 656K, committed 768K, reserved 1048576K
}
Event: 117.515 GC heap before
{Heap before GC invocations=50 (full 38):
 PSYoungGen      total 781824K, used 652288K [0x000000076ab00000, 0x00000007aba00000, 0x00000007c0000000)
  eden space 652288K, 100% used [0x000000076ab00000,0x0000000792800000,0x0000000792800000)
  from space 129536K, 0% used [0x000000079cc00000,0x000000079cc00000,0x00000007a4a80000)
  to   space 167936K, 0% used [0x0000000792800000,0x0000000792800000,0x000000079cc00000)
 ParOldGen       total 293888K, used 293663K [0x00000006c0000000, 0x00000006d1f00000, 0x000000076ab00000)
  object space 293888K, 99% used [0x00000006c0000000,0x00000006d1ec7dc8,0x00000006d1f00000)
 Metaspace       used 6836K, capacity 7448K, committed 7680K, reserved 1056768K
  class space    used 643K, capacity 656K, committed 768K, reserved 1048576K
Event: 119.194 GC heap after
Heap after GC invocations=50 (full 38):
 PSYoungGen      total 781824K, used 625850K [0x000000076ab00000, 0x00000007aba00000, 0x00000007c0000000)
  eden space 652288K, 95% used [0x000000076ab00000,0x0000000790e2e8f8,0x0000000792800000)
  from space 129536K, 0% used [0x000000079cc00000,0x000000079cc00000,0x00000007a4a80000)
  to   space 167936K, 0% used [0x0000000792800000,0x0000000792800000,0x000000079cc00000)
 ParOldGen       total 293888K, used 293663K [0x00000006c0000000, 0x00000006d1f00000, 0x000000076ab00000)
  object space 293888K, 99% used [0x00000006c0000000,0x00000006d1ec7dc8,0x00000006d1f00000)
 Metaspace       used 6836K, capacity 7448K, committed 7680K, reserved 1056768K
  class space    used 643K, capacity 656K, committed 768K, reserved 1048576K
}
Event: 119.413 GC heap before
{Heap before GC invocations=51 (full 39):
 PSYoungGen      total 781824K, used 652288K [0x000000076ab00000, 0x00000007aba00000, 0x00000007c0000000)
  eden space 652288K, 100% used [0x000000076ab00000,0x0000000792800000,0x0000000792800000)
  from space 129536K, 0% used [0x000000079cc00000,0x000000079cc00000,0x00000007a4a80000)
  to   space 167936K, 0% used [0x0000000792800000,0x0000000792800000,0x000000079cc00000)
 ParOldGen       total 293888K, used 293663K [0x00000006c0000000, 0x00000006d1f00000, 0x000000076ab00000)
  object space 293888K, 99% used [0x00000006c0000000,0x00000006d1ec7dc8,0x00000006d1f00000)
 Metaspace       used 6836K, capacity 7448K, committed 7680K, reserved 1056768K
  class space    used 643K, capacity 656K, committed 768K, reserved 1048576K
Event: 121.289 GC heap after
Heap after GC invocations=51 (full 39):
 PSYoungGen      total 781824K, used 629077K [0x000000076ab00000, 0x00000007aba00000, 0x00000007c0000000)
  eden space 652288K, 96% used [0x000000076ab00000,0x00000007911556e0,0x0000000792800000)
  from space 129536K, 0% used [0x000000079cc00000,0x000000079cc00000,0x00000007a4a80000)
  to   space 167936K, 0% used [0x0000000792800000,0x0000000792800000,0x000000079cc00000)
 ParOldGen       total 293888K, used 293663K [0x00000006c0000000, 0x00000006d1f00000, 0x000000076ab00000)
  object space 293888K, 99% used [0x00000006c0000000,0x00000006d1ec7dc8,0x00000006d1f00000)
 Metaspace       used 6836K, capacity 7448K, committed 7680K, reserved 1056768K
  class space    used 643K, capacity 656K, committed 768K, reserved 1048576K
}

