# JRE version: Java(TM) SE Runtime Environment (8.0_144-b01) (build 1.8.0_144-b01)
# Java VM: Java HotSpot(TM) 64-Bit Server VM (25.144-b01 mixed mode windows-amd64 compressed oops)
Heap:
 PSYoungGen      total 624640K, used 312170K [0x000000076ab00000, 0x00000007a2780000, 0x00000007c0000000)
  eden space 507904K, 38% used [0x000000076ab00000,0x00000007769db640,0x0000000789b00000)
  from space 116736K, 99% used [0x0000000789b00000,0x0000000790cff380,0x0000000790d00000)
  to   space 177152K, 0% used [0x0000000797a80000,0x0000000797a80000,0x00000007a2780000)
 ParOldGen       total 645632K, used 394746K [0x00000006c0000000, 0x00000006e7680000, 0x000000076ab00000)
  object space 645632K, 61% used [0x00000006c0000000,0x00000006d817ebd8,0x00000006e7680000)
 Metaspace       used 6717K, capacity 7384K, committed 7680K, reserved 1056768K
  class space    used 636K, capacity 656K, committed 768K, reserved 1048576K
GC Heap History (10 events):
Event: 18.139 GC heap before
{Heap before GC invocations=17 (full 3):
 PSYoungGen      total 601088K, used 93156K [0x000000076ab00000, 0x000000079a500000, 0x00000007c0000000)
  eden space 507904K, 0% used [0x000000076ab00000,0x000000076ab00000,0x0000000789b00000)
  from space 93184K, 99% used [0x0000000790d00000,0x00000007967f9250,0x0000000796800000)
  to   space 116736K, 0% used [0x0000000789b00000,0x0000000789b00000,0x0000000790d00000)
 ParOldGen       total 286720K, used 240554K [0x00000006c0000000, 0x00000006d1800000, 0x000000076ab00000)
  object space 286720K, 83% used [0x00000006c0000000,0x00000006ceaea8b0,0x00000006d1800000)
 Metaspace       used 6711K, capacity 7384K, committed 7680K, reserved 1056768K
  class space    used 636K, capacity 656K, committed 768K, reserved 1048576K
Event: 20.181 GC heap after
Heap after GC invocations=17 (full 3):
 PSYoungGen      total 601088K, used 43329K [0x000000076ab00000, 0x000000079a500000, 0x00000007c0000000)
  eden space 507904K, 0% used [0x000000076ab00000,0x000000076ab00000,0x0000000789b00000)
  from space 93184K, 46% used [0x0000000790d00000,0x0000000793750688,0x0000000796800000)
  to   space 116736K, 0% used [0x0000000789b00000,0x0000000789b00000,0x0000000790d00000)
 ParOldGen       total 286720K, used 286256K [0x00000006c0000000, 0x00000006d1800000, 0x000000076ab00000)
  object space 286720K, 99% used [0x00000006c0000000,0x00000006d178c088,0x00000006d1800000)
 Metaspace       used 6711K, capacity 7384K, committed 7680K, reserved 1056768K
  class space    used 636K, capacity 656K, committed 768K, reserved 1048576K
}
Event: 21.334 GC heap before
{Heap before GC invocations=18 (full 4):
 PSYoungGen      total 601088K, used 551233K [0x000000076ab00000, 0x000000079a500000, 0x00000007c0000000)
  eden space 507904K, 100% used [0x000000076ab00000,0x0000000789b00000,0x0000000789b00000)
  from space 93184K, 46% used [0x0000000790d00000,0x0000000793750688,0x0000000796800000)
  to   space 116736K, 0% used [0x0000000789b00000,0x0000000789b00000,0x0000000790d00000)
 ParOldGen       total 286720K, used 286256K [0x00000006c0000000, 0x00000006d1800000, 0x000000076ab00000)
  object space 286720K, 99% used [0x00000006c0000000,0x00000006d178c088,0x00000006d1800000)
 Metaspace       used 6712K, capacity 7384K, committed 7680K, reserved 1056768K
  class space    used 636K, capacity 656K, committed 768K, reserved 1048576K
Event: 24.099 GC heap after
Heap after GC invocations=18 (full 4):
 PSYoungGen      total 601088K, used 115389K [0x000000076ab00000, 0x000000079a500000, 0x00000007c0000000)
  eden space 507904K, 22% used [0x000000076ab00000,0x0000000771baf508,0x0000000789b00000)
  from space 93184K, 0% used [0x0000000790d00000,0x0000000790d00000,0x0000000796800000)
  to   space 116736K, 0% used [0x0000000789b00000,0x0000000789b00000,0x0000000790d00000)
 ParOldGen       total 286720K, used 286712K [0x00000006c0000000, 0x00000006d1800000, 0x000000076ab00000)
  object space 286720K, 99% used [0x00000006c0000000,0x00000006d17fe0d8,0x00000006d1800000)
 Metaspace       used 6712K, capacity 7384K, committed 7680K, reserved 1056768K
  class space    used 636K, capacity 656K, committed 768K, reserved 1048576K
}
Event: 25.369 GC heap before
{Heap before GC invocations=19 (full 5):
 PSYoungGen      total 601088K, used 507904K [0x000000076ab00000, 0x000000079a500000, 0x00000007c0000000)
  eden space 507904K, 100% used [0x000000076ab00000,0x0000000789b00000,0x0000000789b00000)
  from space 93184K, 0% used [0x0000000790d00000,0x0000000790d00000,0x0000000796800000)
  to   space 116736K, 0% used [0x0000000789b00000,0x0000000789b00000,0x0000000790d00000)
 ParOldGen       total 286720K, used 286712K [0x00000006c0000000, 0x00000006d1800000, 0x000000076ab00000)
  object space 286720K, 99% used [0x00000006c0000000,0x00000006d17fe0d8,0x00000006d1800000)
 Metaspace       used 6716K, capacity 7384K, committed 7680K, reserved 1056768K
  class space    used 636K, capacity 656K, committed 768K, reserved 1048576K
Event: 26.629 GC heap after
Heap after GC invocations=19 (full 5):
 PSYoungGen      total 601088K, used 153285K [0x000000076ab00000, 0x000000079a500000, 0x00000007c0000000)
  eden space 507904K, 30% used [0x000000076ab00000,0x00000007740b1548,0x0000000789b00000)
  from space 93184K, 0% used [0x0000000790d00000,0x0000000790d00000,0x0000000796800000)
  to   space 116736K, 0% used [0x0000000789b00000,0x0000000789b00000,0x0000000790d00000)
 ParOldGen       total 286720K, used 286507K [0x00000006c0000000, 0x00000006d1800000, 0x000000076ab00000)
  object space 286720K, 99% used [0x00000006c0000000,0x00000006d17caca8,0x00000006d1800000)
 Metaspace       used 6716K, capacity 7384K, committed 7680K, reserved 1056768K
  class space    used 636K, capacity 656K, committed 768K, reserved 1048576K
}
Event: 27.350 GC heap before
{Heap before GC invocations=20 (full 6):
 PSYoungGen      total 601088K, used 507904K [0x000000076ab00000, 0x000000079a500000, 0x00000007c0000000)
  eden space 507904K, 100% used [0x000000076ab00000,0x0000000789b00000,0x0000000789b00000)
  from space 93184K, 0% used [0x0000000790d00000,0x0000000790d00000,0x0000000796800000)
  to   space 116736K, 0% used [0x0000000789b00000,0x0000000789b00000,0x0000000790d00000)
 ParOldGen       total 286720K, used 286507K [0x00000006c0000000, 0x00000006d1800000, 0x000000076ab00000)
  object space 286720K, 99% used [0x00000006c0000000,0x00000006d17caca8,0x00000006d1800000)
 Metaspace       used 6716K, capacity 7384K, committed 7680K, reserved 1056768K
  class space    used 636K, capacity 656K, committed 768K, reserved 1048576K
Event: 28.571 GC heap after
Heap after GC invocations=20 (full 6):
 PSYoungGen      total 601088K, used 185875K [0x000000076ab00000, 0x000000079a500000, 0x00000007c0000000)
  eden space 507904K, 36% used [0x000000076ab00000,0x0000000776084e20,0x0000000789b00000)
  from space 93184K, 0% used [0x0000000790d00000,0x0000000790d00000,0x0000000796800000)
  to   space 116736K, 0% used [0x0000000789b00000,0x0000000789b00000,0x0000000790d00000)
 ParOldGen       total 645632K, used 286505K [0x00000006c0000000, 0x00000006e7680000, 0x000000076ab00000)
  object space 645632K, 44% used [0x00000006c0000000,0x00000006d17ca608,0x00000006e7680000)
 Metaspace       used 6716K, capacity 7384K, committed 7680K, reserved 1056768K
  class space    used 636K, capacity 656K, committed 768K, reserved 1048576K
}
Event: 29.326 GC heap before
{Heap before GC invocations=21 (full 6):
 PSYoungGen      total 601088K, used 507904K [0x000000076ab00000, 0x000000079a500000, 0x00000007c0000000)
  eden space 507904K, 100% used [0x000000076ab00000,0x0000000789b00000,0x0000000789b00000)
  from space 93184K, 0% used [0x0000000790d00000,0x0000000790d00000,0x0000000796800000)
  to   space 116736K, 0% used [0x0000000789b00000,0x0000000789b00000,0x0000000790d00000)
 ParOldGen       total 645632K, used 286505K [0x00000006c0000000, 0x00000006e7680000, 0x000000076ab00000)
  object space 645632K, 44% used [0x00000006c0000000,0x00000006d17ca608,0x00000006e7680000)
 Metaspace       used 6716K, capacity 7384K, committed 7680K, reserved 1056768K
  class space    used 636K, capacity 656K, committed 768K, reserved 1048576K
Event: 29.638 GC heap after
Heap after GC invocations=21 (full 6):
 PSYoungGen      total 624640K, used 116732K [0x000000076ab00000, 0x00000007a2780000, 0x00000007c0000000)
  eden space 507904K, 0% used [0x000000076ab00000,0x000000076ab00000,0x0000000789b00000)
  from space 116736K, 99% used [0x0000000789b00000,0x0000000790cff380,0x0000000790d00000)
  to   space 177152K, 0% used [0x0000000797a80000,0x0000000797a80000,0x00000007a2780000)
 ParOldGen       total 645632K, used 394746K [0x00000006c0000000, 0x00000006e7680000, 0x000000076ab00000)
  object space 645632K, 61% used [0x00000006c0000000,0x00000006d817ebd8,0x00000006e7680000)
 Metaspace       used 6716K, capacity 7384K, committed 7680K, reserved 1056768K
  class space    used 636K, capacity 656K, committed 768K, reserved 1048576K
}

