# JRE version: Java(TM) SE Runtime Environment (8.0_144-b01) (build 1.8.0_144-b01)
# Java VM: Java HotSpot(TM) 64-Bit Server VM (25.144-b01 mixed mode windows-amd64 compressed oops)
Heap:
 PSYoungGen      total 1114112K, used 1113999K [0x000000076ab00000, 0x00000007c0000000, 0x00000007c0000000)
  eden space 851968K, 100% used [0x000000076ab00000,0x000000079eb00000,0x000000079eb00000)
  from space 262144K, 99% used [0x000000079eb00000,0x00000007aeae3c78,0x00000007aeb00000)
  to   space 283648K, 32% used [0x00000007aeb00000,0x00000007b4408960,0x00000007c0000000)
 ParOldGen       total 724992K, used 562354K [0x00000006c0000000, 0x00000006ec400000, 0x000000076ab00000)
  object space 724992K, 77% used [0x00000006c0000000,0x00000006e252cad8,0x00000006ec400000)
 Metaspace       used 6808K, capacity 7384K, committed 7680K, reserved 1056768K
  class space    used 644K, capacity 656K, committed 768K, reserved 1048576K
GC Heap History (10 events):
Event: 25.447 GC heap after
Heap after GC invocations=17 (full 3):
 PSYoungGen      total 970752K, used 147207K [0x000000076ab00000, 0x00000007b4c80000, 0x00000007c0000000)
  eden space 784384K, 0% used [0x000000076ab00000,0x000000076ab00000,0x000000079a900000)
  from space 186368K, 78% used [0x00000007a7080000,0x00000007b0041d58,0x00000007b2680000)
  to   space 204288K, 0% used [0x000000079a900000,0x000000079a900000,0x00000007a7080000)
 ParOldGen       total 466944K, used 416019K [0x00000006c0000000, 0x00000006dc800000, 0x000000076ab00000)
  object space 466944K, 89% used [0x00000006c0000000,0x00000006d9644e38,0x00000006dc800000)
 Metaspace       used 6687K, capacity 7320K, committed 7680K, reserved 1056768K
  class space    used 637K, capacity 656K, committed 768K, reserved 1048576K
}
Event: 25.447 GC heap before
{Heap before GC invocations=18 (full 4):
 PSYoungGen      total 970752K, used 147207K [0x000000076ab00000, 0x00000007b4c80000, 0x00000007c0000000)
  eden space 784384K, 0% used [0x000000076ab00000,0x000000076ab00000,0x000000079a900000)
  from space 186368K, 78% used [0x00000007a7080000,0x00000007b0041d58,0x00000007b2680000)
  to   space 204288K, 0% used [0x000000079a900000,0x000000079a900000,0x00000007a7080000)
 ParOldGen       total 466944K, used 416019K [0x00000006c0000000, 0x00000006dc800000, 0x000000076ab00000)
  object space 466944K, 89% used [0x00000006c0000000,0x00000006d9644e38,0x00000006dc800000)
 Metaspace       used 6687K, capacity 7320K, committed 7680K, reserved 1056768K
  class space    used 637K, capacity 656K, committed 768K, reserved 1048576K
Event: 29.348 GC heap after
Heap after GC invocations=18 (full 4):
 PSYoungGen      total 970752K, used 92789K [0x000000076ab00000, 0x00000007b4c80000, 0x00000007c0000000)
  eden space 784384K, 0% used [0x000000076ab00000,0x000000076ab00000,0x000000079a900000)
  from space 186368K, 49% used [0x00000007a7080000,0x00000007acb1d570,0x00000007b2680000)
  to   space 204288K, 0% used [0x000000079a900000,0x000000079a900000,0x00000007a7080000)
 ParOldGen       total 724992K, used 466666K [0x00000006c0000000, 0x00000006ec400000, 0x000000076ab00000)
  object space 724992K, 64% used [0x00000006c0000000,0x00000006dc7bab98,0x00000006ec400000)
 Metaspace       used 6687K, capacity 7320K, committed 7680K, reserved 1056768K
  class space    used 637K, capacity 656K, committed 768K, reserved 1048576K
}
Event: 31.222 GC heap before
{Heap before GC invocations=19 (full 4):
 PSYoungGen      total 970752K, used 877173K [0x000000076ab00000, 0x00000007b4c80000, 0x00000007c0000000)
  eden space 784384K, 100% used [0x000000076ab00000,0x000000079a900000,0x000000079a900000)
  from space 186368K, 49% used [0x00000007a7080000,0x00000007acb1d570,0x00000007b2680000)
  to   space 204288K, 0% used [0x000000079a900000,0x000000079a900000,0x00000007a7080000)
 ParOldGen       total 724992K, used 466666K [0x00000006c0000000, 0x00000006ec400000, 0x000000076ab00000)
  object space 724992K, 64% used [0x00000006c0000000,0x00000006dc7bab98,0x00000006ec400000)
 Metaspace       used 6699K, capacity 7384K, committed 7680K, reserved 1056768K
  class space    used 638K, capacity 656K, committed 768K, reserved 1048576K
Event: 31.644 GC heap after
Heap after GC invocations=19 (full 4):
 PSYoungGen      total 988672K, used 204261K [0x000000076ab00000, 0x00000007c0000000, 0x00000007c0000000)
  eden space 784384K, 0% used [0x000000076ab00000,0x000000076ab00000,0x000000079a900000)
  from space 204288K, 99% used [0x000000079a900000,0x00000007a7079508,0x00000007a7080000)
  to   space 243712K, 0% used [0x00000007b1200000,0x00000007b1200000,0x00000007c0000000)
 ParOldGen       total 724992K, used 478563K [0x00000006c0000000, 0x00000006ec400000, 0x000000076ab00000)
  object space 724992K, 66% used [0x00000006c0000000,0x00000006dd358d68,0x00000006ec400000)
 Metaspace       used 6699K, capacity 7384K, committed 7680K, reserved 1056768K
  class space    used 638K, capacity 656K, committed 768K, reserved 1048576K
}
Event: 32.827 GC heap before
{Heap before GC invocations=20 (full 4):
 PSYoungGen      total 988672K, used 988645K [0x000000076ab00000, 0x00000007c0000000, 0x00000007c0000000)
  eden space 784384K, 100% used [0x000000076ab00000,0x000000079a900000,0x000000079a900000)
  from space 204288K, 99% used [0x000000079a900000,0x00000007a7079508,0x00000007a7080000)
  to   space 243712K, 0% used [0x00000007b1200000,0x00000007b1200000,0x00000007c0000000)
 ParOldGen       total 724992K, used 478563K [0x00000006c0000000, 0x00000006ec400000, 0x000000076ab00000)
  object space 724992K, 66% used [0x00000006c0000000,0x00000006dd358d68,0x00000006ec400000)
 Metaspace       used 6702K, capacity 7384K, committed 7680K, reserved 1056768K
  class space    used 638K, capacity 656K, committed 768K, reserved 1048576K
Event: 33.088 GC heap after
Heap after GC invocations=20 (full 4):
 PSYoungGen      total 1095680K, used 209645K [0x000000076ab00000, 0x00000007c0000000, 0x00000007c0000000)
  eden space 851968K, 0% used [0x000000076ab00000,0x000000076ab00000,0x000000079eb00000)
  from space 243712K, 86% used [0x00000007b1200000,0x00000007bdebb488,0x00000007c0000000)
  to   space 272896K, 0% used [0x000000079eb00000,0x000000079eb00000,0x00000007af580000)
 ParOldGen       total 724992K, used 562354K [0x00000006c0000000, 0x00000006ec400000, 0x000000076ab00000)
  object space 724992K, 77% used [0x00000006c0000000,0x00000006e252cad8,0x00000006ec400000)
 Metaspace       used 6702K, capacity 7384K, committed 7680K, reserved 1056768K
  class space    used 638K, capacity 656K, committed 768K, reserved 1048576K
}
Event: 35.383 GC heap before
{Heap before GC invocations=21 (full 4):
 PSYoungGen      total 1095680K, used 1061613K [0x000000076ab00000, 0x00000007c0000000, 0x00000007c0000000)
  eden space 851968K, 100% used [0x000000076ab00000,0x000000079eb00000,0x000000079eb00000)
  from space 243712K, 86% used [0x00000007b1200000,0x00000007bdebb488,0x00000007c0000000)
  to   space 272896K, 0% used [0x000000079eb00000,0x000000079eb00000,0x00000007af580000)
 ParOldGen       total 724992K, used 562354K [0x00000006c0000000, 0x00000006ec400000, 0x000000076ab00000)
  object space 724992K, 77% used [0x00000006c0000000,0x00000006e252cad8,0x00000006ec400000)
 Metaspace       used 6702K, capacity 7384K, committed 7680K, reserved 1056768K
  class space    used 638K, capacity 656K, committed 768K, reserved 1048576K
Event: 35.647 GC heap after
Heap after GC invocations=21 (full 4):
 PSYoungGen      total 1114112K, used 262031K [0x000000076ab00000, 0x00000007c0000000, 0x00000007c0000000)
  eden space 851968K, 0% used [0x000000076ab00000,0x000000076ab00000,0x000000079eb00000)
  from space 262144K, 99% used [0x000000079eb00000,0x00000007aeae3c78,0x00000007aeb00000)
  to   space 283648K, 0% used [0x00000007aeb00000,0x00000007aeb00000,0x00000007c0000000)
 ParOldGen       total 724992K, used 562354K [0x00000006c0000000, 0x00000006ec400000, 0x000000076ab00000)
  object space 724992K, 77% used [0x00000006c0000000,0x00000006e252cad8,0x00000006ec400000)
 Metaspace       used 6702K, capacity 7384K, committed 7680K, reserved 1056768K
  class space    used 638K, capacity 656K, committed 768K, reserved 1048576K
}
Event: 37.426 GC heap before
{Heap before GC invocations=22 (full 4):
 PSYoungGen      total 1114112K, used 1113999K [0x000000076ab00000, 0x00000007c0000000, 0x00000007c0000000)
  eden space 851968K, 100% used [0x000000076ab00000,0x000000079eb00000,0x000000079eb00000)
  from space 262144K, 99% used [0x000000079eb00000,0x00000007aeae3c78,0x00000007aeb00000)
  to   space 283648K, 0% used [0x00000007aeb00000,0x00000007aeb00000,0x00000007c0000000)
 ParOldGen       total 724992K, used 562354K [0x00000006c0000000, 0x00000006ec400000, 0x000000076ab00000)
  object space 724992K, 77% used [0x00000006c0000000,0x00000006e252cad8,0x00000006ec400000)
 Metaspace       used 6808K, capacity 7384K, committed 7680K, reserved 1056768K
  class space    used 644K, capacity 656K, committed 768K, reserved 1048576K

